#
# There is insufficient memory for the Java Runtime Environment to continue.
# Native memory allocation (malloc) failed to allocate 1048576 bytes. Error detail: AllocateHeap
# Possible reasons:
#   The system is out of physical RAM or swap space
#   This process is running with CompressedOops enabled, and the Java Heap may be blocking the growth of the native heap
# Possible solutions:
#   Reduce memory load on the system
#   Increase physical memory or swap space
#   Check if swap backing store is full
#   Decrease Java heap size (-Xmx/-Xms)
#   Decrease number of Java threads
#   Decrease Java thread stack sizes (-Xss)
#   Set larger code cache with -XX:ReservedCodeCacheSize=
#   JVM is running with Unscaled Compressed Oops mode in which the Java heap is
#     placed in the first 4GB address space. The Java Heap base address is the
#     maximum limit for the native heap growth. Please use -XX:HeapBaseMinAddress
#     to set the Java Heap base and to place the Java Heap above 4GB virtual address.
# This output file may be truncated or incomplete.
#
#  Out of Memory Error (allocation.cpp:44), pid=21964, tid=23868
#
# JRE version: OpenJDK Runtime Environment Temurin-21.0.10+7 (21.0.10+7) (build 21.0.10+7-LTS)
# Java VM: OpenJDK 64-Bit Server VM Temurin-21.0.10+7 (21.0.10+7-LTS, mixed mode, sharing, tiered, compressed oops, compressed class ptrs, parallel gc, windows-amd64)
# No core dump will be written. Minidumps are not enabled by default on client versions of Windows
#

---------------  S U M M A R Y ------------

Command Line: --add-modules=ALL-SYSTEM --add-opens=java.base/java.util=ALL-UNNAMED --add-opens=java.base/java.lang=ALL-UNNAMED --add-opens=java.base/sun.nio.fs=ALL-UNNAMED -Declipse.application=org.eclipse.jdt.ls.core.id1 -Dosgi.bundles.defaultStartLevel=4 -Declipse.product=org.eclipse.jdt.ls.core.product -Djava.import.generatesMetadataFilesAtProjectRoot=false -DDetectVMInstallationsJob.disabled=true -Dfile.encoding=utf8 -XX:+UseParallelGC -XX:GCTimeRatio=4 -XX:AdaptiveSizePolicyWeight=90 -Dsun.zip.disableMemoryMapping=true -Xmx2G -Xms100m -Xlog:disable -javaagent:c:\Users\nghiw\.vscode\extensions\redhat.java-1.54.0-win32-x64\lombok\lombok-1.18.39-4050.jar -XX:+HeapDumpOnOutOfMemoryError -XX:HeapDumpPath=c:\Users\nghiw\AppData\Roaming\Code\User\workspaceStorage\1a878d41b9a569cdcd964698dba45b3a\redhat.java -Daether.dependencyCollector.impl=bf c:\Users\nghiw\.vscode\extensions\redhat.java-1.54.0-win32-x64\server\plugins\org.eclipse.equinox.launcher_1.7.100.v20251111-0406.jar -configuration c:\Users\nghiw\AppData\Roaming\Code\User\globalStorage\redhat.java\1.54.0\config_win -data c:\Users\nghiw\AppData\Roaming\Code\User\workspaceStorage\1a878d41b9a569cdcd964698dba45b3a\redhat.java\jdt_ws --pipe=\\.\pipe\lsp-0a0342b82bae0b03426712b11f5baf36-sock

Host: 11th Gen Intel(R) Core(TM) i5-11400H @ 2.70GHz, 12 cores, 15G,  Windows 11 , 64 bit Build 26100 (10.0.26100.8246)
Time: Wed May 13 14:19:48 2026 Namibia Standard Time elapsed time: 8863.902568 seconds (0d 2h 27m 43s)

---------------  T H R E A D  ---------------

Current thread (0x000001ef33e37ec0):  JavaThread "Attach Listener" daemon [_thread_in_vm, id=23868, stack(0x000000d33b200000,0x000000d33b300000) (1024K)]

Stack: [0x000000d33b200000,0x000000d33b300000]
Native frames: (J=compiled Java code, j=interpreted, Vv=VM code, C=native code)
V  [jvm.dll+0x6d7a39]
V  [jvm.dll+0x8b4b26]
V  [jvm.dll+0x8b70de]
V  [jvm.dll+0x8b77c3]
V  [jvm.dll+0x284346]
V  [jvm.dll+0xc1277]
V  [jvm.dll+0x6d82e9]
V  [jvm.dll+0x1334a6]
V  [jvm.dll+0x3f857e]
V  [jvm.dll+0x85f59d]
V  [jvm.dll+0x6d626d]
C  [ucrtbase.dll+0x37b0]
C  [KERNEL32.DLL+0x2e8d7]
C  [ntdll.dll+0x8c3fc]


---------------  P R O C E S S  ---------------

Threads class SMR info:
_java_thread_list=0x000001ef97e5e2e0, length=46, elements={
0x000001ef33d93c80, 0x000001ef33e343e0, 0x000001ef33d3e730, 0x000001ef33e37260,
0x000001ef33e37ec0, 0x000001ef33e3a930, 0x000001ef33e40570, 0x000001ef33e41d10,
0x000001ef8cb1dff0, 0x000001ef8ccf84c0, 0x000001ef8ce278b0, 0x000001ef922cf850,
0x000001ef92a48f70, 0x000001ef928e2400, 0x000001ef928e2e40, 0x000001ef92da2a60,
0x000001ef9310d0d0, 0x000001ef9320ddc0, 0x000001ef92b91d60, 0x000001ef92b923f0,
0x000001ef92b944c0, 0x000001ef92b916d0, 0x000001ef95012290, 0x000001ef95013640,
0x000001ef95011c00, 0x000001ef95012920, 0x000001ef95013cd0, 0x000001ef95012fb0,
0x000001ef95014360, 0x000001ef950149f0, 0x000001ef95011570, 0x000001ef950177e0,
0x000001ef95015080, 0x000001ef95015710, 0x000001ef95016430, 0x000001ef95017e70,
0x000001ef95016ac0, 0x000001ef935e49c0, 0x000001ef935e2260, 0x000001ef935e2f80,
0x000001ef935e3610, 0x000001ef935e28f0, 0x000001ef935e6400, 0x000001ef984df310,
0x000001ef984de5f0, 0x000001ef9943fa40
}

Java Threads: ( => current thread )
  0x000001ef33d93c80 JavaThread "main"                              [_thread_blocked, id=9532, stack(0x000000d33ab00000,0x000000d33ac00000) (1024K)]
  0x000001ef33e343e0 JavaThread "Reference Handler"          daemon [_thread_blocked, id=12184, stack(0x000000d33af00000,0x000000d33b000000) (1024K)]
  0x000001ef33d3e730 JavaThread "Finalizer"                  daemon [_thread_blocked, id=5704, stack(0x000000d33b000000,0x000000d33b100000) (1024K)]
  0x000001ef33e37260 JavaThread "Signal Dispatcher"          daemon [_thread_blocked, id=10628, stack(0x000000d33b100000,0x000000d33b200000) (1024K)]
=>0x000001ef33e37ec0 JavaThread "Attach Listener"            daemon [_thread_in_vm, id=23868, stack(0x000000d33b200000,0x000000d33b300000) (1024K)]
  0x000001ef33e3a930 JavaThread "Service Thread"             daemon [_thread_blocked, id=3868, stack(0x000000d33b300000,0x000000d33b400000) (1024K)]
  0x000001ef33e40570 JavaThread "Monitor Deflation Thread"   daemon [_thread_blocked, id=25332, stack(0x000000d33b400000,0x000000d33b500000) (1024K)]
  0x000001ef33e41d10 JavaThread "C2 CompilerThread0"         daemon [_thread_blocked, id=9932, stack(0x000000d33b500000,0x000000d33b600000) (1024K)]
  0x000001ef8cb1dff0 JavaThread "C1 CompilerThread0"         daemon [_thread_blocked, id=24624, stack(0x000000d33b600000,0x000000d33b700000) (1024K)]
  0x000001ef8ccf84c0 JavaThread "Common-Cleaner"             daemon [_thread_blocked, id=13724, stack(0x000000d33b700000,0x000000d33b800000) (1024K)]
  0x000001ef8ce278b0 JavaThread "Notification Thread"        daemon [_thread_blocked, id=1640, stack(0x000000d33ba00000,0x000000d33bb00000) (1024K)]
  0x000001ef922cf850 JavaThread "Active Thread: Equinox Container: 07f55bf9-abec-408d-812b-b2aef0ce3ec3"        [_thread_blocked, id=12856, stack(0x000000d33c100000,0x000000d33c200000) (1024K)]
  0x000001ef92a48f70 JavaThread "Refresh Thread: Equinox Container: 07f55bf9-abec-408d-812b-b2aef0ce3ec3" daemon [_thread_blocked, id=24012, stack(0x000000d33c300000,0x000000d33c400000) (1024K)]
  0x000001ef928e2400 JavaThread "Framework Event Dispatcher: Equinox Container: 07f55bf9-abec-408d-812b-b2aef0ce3ec3" daemon [_thread_blocked, id=20168, stack(0x000000d33c400000,0x000000d33c500000) (1024K)]
  0x000001ef928e2e40 JavaThread "Start Level: Equinox Container: 07f55bf9-abec-408d-812b-b2aef0ce3ec3" daemon [_thread_blocked, id=15440, stack(0x000000d33c500000,0x000000d33c600000) (1024K)]
  0x000001ef92da2a60 JavaThread "Bundle File Closer"         daemon [_thread_blocked, id=11632, stack(0x000000d33c800000,0x000000d33c900000) (1024K)]
  0x000001ef9310d0d0 JavaThread "SCR Component Actor"        daemon [_thread_blocked, id=3476, stack(0x000000d33b800000,0x000000d33b900000) (1024K)]
  0x000001ef9320ddc0 JavaThread "Worker-JM"                         [_thread_blocked, id=11712, stack(0x000000d33ca00000,0x000000d33cb00000) (1024K)]
  0x000001ef92b91d60 JavaThread "Java indexing"              daemon [_thread_blocked, id=18220, stack(0x000000d33cc00000,0x000000d33cd00000) (1024K)]
  0x000001ef92b923f0 JavaThread "JNA Cleaner"                daemon [_thread_blocked, id=21488, stack(0x000000d33d000000,0x000000d33d100000) (1024K)]
  0x000001ef92b944c0 JavaThread "Thread-1"                   daemon [_thread_in_native, id=23528, stack(0x000000d33d400000,0x000000d33d500000) (1024K)]
  0x000001ef92b916d0 JavaThread "Thread-2"                   daemon [_thread_in_native, id=14472, stack(0x000000d33d500000,0x000000d33d600000) (1024K)]
  0x000001ef95012290 JavaThread "Thread-3"                   daemon [_thread_in_native, id=22588, stack(0x000000d33d600000,0x000000d33d700000) (1024K)]
  0x000001ef95013640 JavaThread "Thread-4"                   daemon [_thread_in_native, id=22256, stack(0x000000d33d700000,0x000000d33d800000) (1024K)]
  0x000001ef95011c00 JavaThread "Thread-5"                   daemon [_thread_in_native, id=19912, stack(0x000000d33d800000,0x000000d33d900000) (1024K)]
  0x000001ef95012920 JavaThread "Thread-6"                   daemon [_thread_in_native, id=6388, stack(0x000000d33d900000,0x000000d33da00000) (1024K)]
  0x000001ef95013cd0 JavaThread "Thread-7"                   daemon [_thread_in_native, id=19940, stack(0x000000d33da00000,0x000000d33db00000) (1024K)]
  0x000001ef95012fb0 JavaThread "Thread-8"                   daemon [_thread_in_native, id=16300, stack(0x000000d33db00000,0x000000d33dc00000) (1024K)]
  0x000001ef95014360 JavaThread "Thread-9"                   daemon [_thread_in_native, id=23012, stack(0x000000d33dc00000,0x000000d33dd00000) (1024K)]
  0x000001ef950149f0 JavaThread "Thread-10"                  daemon [_thread_in_native, id=18596, stack(0x000000d33dd00000,0x000000d33de00000) (1024K)]
  0x000001ef95011570 JavaThread "Thread-11"                  daemon [_thread_in_native, id=2976, stack(0x000000d33de00000,0x000000d33df00000) (1024K)]
  0x000001ef950177e0 JavaThread "Thread-12"                  daemon [_thread_in_native, id=22820, stack(0x000000d33df00000,0x000000d33e000000) (1024K)]
  0x000001ef95015080 JavaThread "Thread-13"                  daemon [_thread_in_native, id=14244, stack(0x000000d33e000000,0x000000d33e100000) (1024K)]
  0x000001ef95015710 JavaThread "pool-2-thread-1"                   [_thread_blocked, id=25584, stack(0x000000d33e100000,0x000000d33e200000) (1024K)]
  0x000001ef95016430 JavaThread "WorkspaceEventsHandler"            [_thread_blocked, id=5884, stack(0x000000d33e300000,0x000000d33e400000) (1024K)]
  0x000001ef95017e70 JavaThread "pool-1-thread-1"                   [_thread_blocked, id=14636, stack(0x000000d33e400000,0x000000d33e500000) (1024K)]
  0x000001ef95016ac0 JavaThread "Timer-0"                           [_thread_blocked, id=8656, stack(0x000000d33e700000,0x000000d33e800000) (1024K)]
  0x000001ef935e49c0 JavaThread "Timer-1"                           [_thread_blocked, id=8900, stack(0x000000d33cd00000,0x000000d33ce00000) (1024K)]
  0x000001ef935e2260 JavaThread "Timer-2"                           [_thread_blocked, id=21764, stack(0x000000d33e800000,0x000000d33e900000) (1024K)]
  0x000001ef935e2f80 JavaThread "Timer-3"                           [_thread_blocked, id=18012, stack(0x000000d33cb00000,0x000000d33cc00000) (1024K)]
  0x000001ef935e3610 JavaThread "Timer-4"                           [_thread_blocked, id=12508, stack(0x000000d33e900000,0x000000d33ea00000) (1024K)]
  0x000001ef935e28f0 JavaThread "Timer-5"                           [_thread_blocked, id=26420, stack(0x000000d33aa00000,0x000000d33ab00000) (1024K)]
  0x000001ef935e6400 JavaThread "Timer-6"                           [_thread_blocked, id=6748, stack(0x000000d33c900000,0x000000d33ca00000) (1024K)]
  0x000001ef984df310 JavaThread "Worker-35"                         [_thread_blocked, id=26064, stack(0x000000d340100000,0x000000d340200000) (1024K)]
  0x000001ef984de5f0 JavaThread "Timer-7"                           [_thread_blocked, id=6612, stack(0x000000d340200000,0x000000d340300000) (1024K)]
  0x000001ef9943fa40 JavaThread "Worker-81"                         [_thread_blocked, id=30900, stack(0x000000d33a800000,0x000000d33a900000) (1024K)]
Total: 46

Other Threads:
  0x000001ef8cad0d70 VMThread "VM Thread"                           [id=19084, stack(0x000000d33ae00000,0x000000d33af00000) (1024K)]
  0x000001ef33c1c7e0 WatcherThread "VM Periodic Task Thread"        [id=9700, stack(0x000000d33ad00000,0x000000d33ae00000) (1024K)]
  0x000001ef33db1e00 WorkerThread "GC Thread#0"                     [id=7764, stack(0x000000d33ac00000,0x000000d33ad00000) (1024K)]
  0x000001ef927ee390 WorkerThread "GC Thread#1"                     [id=17524, stack(0x000000d33bb00000,0x000000d33bc00000) (1024K)]
  0x000001ef927ee740 WorkerThread "GC Thread#2"                     [id=4784, stack(0x000000d33bc00000,0x000000d33bd00000) (1024K)]
  0x000001ef927eeaf0 WorkerThread "GC Thread#3"                     [id=7916, stack(0x000000d33bd00000,0x000000d33be00000) (1024K)]
  0x000001ef92aa0040 WorkerThread "GC Thread#4"                     [id=15104, stack(0x000000d33be00000,0x000000d33bf00000) (1024K)]
  0x000001ef92aa03f0 WorkerThread "GC Thread#5"                     [id=6884, stack(0x000000d33bf00000,0x000000d33c000000) (1024K)]
  0x000001ef926115e0 WorkerThread "GC Thread#6"                     [id=24224, stack(0x000000d33c000000,0x000000d33c100000) (1024K)]
  0x000001ef92612c00 WorkerThread "GC Thread#7"                     [id=15300, stack(0x000000d33c200000,0x000000d33c300000) (1024K)]
  0x000001ef92612fb0 WorkerThread "GC Thread#8"                     [id=11780, stack(0x000000d33c600000,0x000000d33c700000) (1024K)]
  0x000001ef926124a0 WorkerThread "GC Thread#9"                     [id=788, stack(0x000000d33c700000,0x000000d33c800000) (1024K)]
Total: 12

Threads with active compile tasks:
Total: 0

VM state: not at safepoint (normal execution)

VM Mutex/Monitor currently owned by a thread: None

Heap address: 0x0000000080000000, size: 2048 MB, Compressed Oops mode: 32-bit

CDS archive(s) mapped at: [0x000001ef4b000000-0x000001ef4bba0000-0x000001ef4bba0000), size 12189696, SharedBaseAddress: 0x000001ef4b000000, ArchiveRelocationMode: 1.
Compressed class space mapped at: 0x000001ef4c000000-0x000001ef8c000000, reserved size: 1073741824
Narrow klass base: 0x000001ef4b000000, Narrow klass shift: 0, Narrow klass range: 0x100000000

GC Precious Log:
 CardTable entry size: 512
 CPUs: 12 total, 12 available
 Memory: 16085M
 Large Page Support: Disabled
 NUMA Support: Disabled
 Compressed Oops: Enabled (32-bit)
 Alignments: Space 512K, Generation 512K, Heap 2M
 Heap Min Capacity: 100M
 Heap Initial Capacity: 100M
 Heap Max Capacity: 2G
 Pre-touch: Disabled
 Parallel Workers: 10

Heap:
 PSYoungGen      total 1536K, used 583K [0x00000000d5580000, 0x00000000d5800000, 0x0000000100000000)
  eden space 1024K, 25% used [0x00000000d5580000,0x00000000d55c1ff8,0x00000000d5680000)
  from space 512K, 62% used [0x00000000d5680000,0x00000000d56d0000,0x00000000d5700000)
  to   space 512K, 0% used [0x00000000d5780000,0x00000000d5780000,0x00000000d5800000)
 ParOldGen       total 970240K, used 969743K [0x0000000080000000, 0x00000000bb380000, 0x00000000d5580000)
  object space 970240K, 99% used [0x0000000080000000,0x00000000bb303d00,0x00000000bb380000)
 Metaspace       used 97256K, committed 99264K, reserved 1179648K
  class space    used 12319K, committed 13248K, reserved 1048576K

Card table byte_map: [0x000001ef33730000,0x000001ef33b40000] _byte_map_base: 0x000001ef33330000

Marking Bits: (ParMarkBitMap*) 0x00007ffcf7fe3450
 Begin Bits: [0x000001ef46240000, 0x000001ef48240000)
 End Bits:   [0x000001ef48240000, 0x000001ef4a240000)

Polling page: 0x000001ef31b90000

Metaspace:

Usage:
  Non-class:     82.95 MB used.
      Class:     12.03 MB used.
       Both:     94.98 MB used.

Virtual space:
  Non-class space:      128.00 MB reserved,      84.00 MB ( 66%) committed,  2 nodes.
      Class space:        1.00 GB reserved,      12.94 MB (  1%) committed,  1 nodes.
             Both:        1.12 GB reserved,      96.94 MB (  8%) committed. 

Chunk freelists:
   Non-Class:  11.87 MB
       Class:  3.07 MB
        Both:  14.94 MB

MaxMetaspaceSize: unlimited
CompressedClassSpaceSize: 1.00 GB
Initial GC threshold: 21.00 MB
Current GC threshold: 145.62 MB
CDS: on
 - commit_granule_bytes: 65536.
 - commit_granule_words: 8192.
 - virtual_space_node_default_size: 8388608.
 - enlarge_chunks_in_place: 1.
 - use_allocation_guard: 0.


Internal statistics:

num_allocs_failed_limit: 9.
num_arena_births: 2070.
num_arena_deaths: 66.
num_vsnodes_births: 3.
num_vsnodes_deaths: 0.
num_space_committed: 1551.
num_space_uncommitted: 0.
num_chunks_returned_to_freelist: 90.
num_chunks_taken_from_freelist: 6465.
num_chunk_merges: 28.
num_chunk_splits: 4090.
num_chunks_enlarged: 2545.
num_inconsistent_stats: 0.

CodeHeap 'non-profiled nmethods': size=120000Kb used=15872Kb max_used=16879Kb free=104128Kb
 bounds [0x000001ef3ea60000, 0x000001ef3fb10000, 0x000001ef45f90000]
CodeHeap 'profiled nmethods': size=120000Kb used=26817Kb max_used=30878Kb free=93182Kb
 bounds [0x000001ef36f90000, 0x000001ef38e30000, 0x000001ef3e4c0000]
CodeHeap 'non-nmethods': size=5760Kb used=1482Kb max_used=1573Kb free=4278Kb
 bounds [0x000001ef3e4c0000, 0x000001ef3e730000, 0x000001ef3ea60000]
CodeCache: size=245760Kb, used=44171Kb, max_used=49330Kb, free=201588Kb
 total_blobs=13834, nmethods=13049, adapters=689, full_count=0
Compilation: enabled, stopped_count=0, restarted_count=0

Compilation events (20 events):
Event: 7949.915 Thread 0x000001ef8cb1dff0 17554       3       java.util.stream.Nodes$ToArrayTask$OfRef::makeChild (7 bytes)
Event: 7949.915 Thread 0x000001ef8cb1dff0 nmethod 17554 0x000001ef38246590 code [0x000001ef38246740, 0x000001ef38246878]
Event: 7949.927 Thread 0x000001ef33e41d10 17557       4       java.io.ObjectOutputStream$BlockDataOutputStream::setBlockDataMode (35 bytes)
Event: 7949.984 Thread 0x000001ef33e41d10 nmethod 17557 0x000001ef3f260390 code [0x000001ef3f260640, 0x000001ef3f261260]
Event: 7950.017 Thread 0x000001ef8cb1dff0 17558       3       org.eclipse.core.internal.resources.SaveManager$$Lambda/0x000001ef4cb7a700::apply (12 bytes)
Event: 7950.021 Thread 0x000001ef8cb1dff0 nmethod 17558 0x000001ef38245e90 code [0x000001ef38246060, 0x000001ef38246448]
Event: 7987.957 Thread 0x000001ef8cb1dff0 17559       3       java.util.logging.Logger::getLogger (8 bytes)
Event: 7987.959 Thread 0x000001ef8cb1dff0 nmethod 17559 0x000001ef38245a10 code [0x000001ef38245be0, 0x000001ef38245da0]
Event: 7987.959 Thread 0x000001ef8cb1dff0 17560       3       java.util.logging.Logger::getLogger (7 bytes)
Event: 7987.960 Thread 0x000001ef8cb1dff0 nmethod 17560 0x000001ef38245690 code [0x000001ef38245840, 0x000001ef38245968]
Event: 7987.960 Thread 0x000001ef8cb1dff0 17561       3       java.util.logging.Logger::demandLogger (36 bytes)
Event: 7987.967 Thread 0x000001ef8cb1dff0 nmethod 17561 0x000001ef38244510 code [0x000001ef382447a0, 0x000001ef38245250]
Event: 8025.697 Thread 0x000001ef8cb1dff0 17562       3       org.eclipse.osgi.storage.Storage::isReadOnly (10 bytes)
Event: 8025.719 Thread 0x000001ef8cb1dff0 nmethod 17562 0x000001ef38243f10 code [0x000001ef382440c0, 0x000001ef38244240]
Event: 8205.755 Thread 0x000001ef8cb1dff0 17563   !   3       org.eclipse.osgi.internal.framework.StorageSaver$StorageSaverTask::run (31 bytes)
Event: 8205.776 Thread 0x000001ef8cb1dff0 nmethod 17563 0x000001ef37f00e10 code [0x000001ef37f00fe0, 0x000001ef37f01280]
Event: 8205.777 Thread 0x000001ef8cb1dff0 17564   !   3       org.eclipse.osgi.storage.Storage::save (62 bytes)
Event: 8205.783 Thread 0x000001ef8cb1dff0 nmethod 17564 0x000001ef37f00710 code [0x000001ef37f00900, 0x000001ef37f00c70]
Event: 8205.783 Thread 0x000001ef8cb1dff0 17565   !   3       org.eclipse.osgi.storage.Storage::save0 (246 bytes)
Event: 8205.812 Thread 0x000001ef8cb1dff0 nmethod 17565 0x000001ef38a21210 code [0x000001ef38a21720, 0x000001ef38a24308]

GC Heap History (20 events):
Event: 7280.897 GC heap before
{Heap before GC invocations=5064 (full 5):
 PSYoungGen      total 1536K, used 1472K [0x00000000d5580000, 0x00000000d5800000, 0x0000000100000000)
  eden space 1024K, 100% used [0x00000000d5580000,0x00000000d5680000,0x00000000d5680000)
  from space 512K, 87% used [0x00000000d5680000,0x00000000d56f0020,0x00000000d5700000)
  to   space 512K, 0% used [0x00000000d5780000,0x00000000d5780000,0x00000000d5800000)
 ParOldGen       total 969728K, used 969287K [0x0000000080000000, 0x00000000bb300000, 0x00000000d5580000)
  object space 969728K, 99% used [0x0000000080000000,0x00000000bb291d00,0x00000000bb300000)
 Metaspace       used 97216K, committed 99200K, reserved 1179648K
  class space    used 12319K, committed 13248K, reserved 1048576K
}
Event: 7281.133 GC heap after
{Heap after GC invocations=5064 (full 5):
 PSYoungGen      total 1536K, used 288K [0x00000000d5580000, 0x00000000d5800000, 0x0000000100000000)
  eden space 1024K, 0% used [0x00000000d5580000,0x00000000d5580000,0x00000000d5680000)
  from space 512K, 56% used [0x00000000d5780000,0x00000000d57c8000,0x00000000d5800000)
  to   space 512K, 0% used [0x00000000d5680000,0x00000000d5680000,0x00000000d5700000)
 ParOldGen       total 969728K, used 969319K [0x0000000080000000, 0x00000000bb300000, 0x00000000d5580000)
  object space 969728K, 99% used [0x0000000080000000,0x00000000bb299d00,0x00000000bb300000)
 Metaspace       used 97216K, committed 99200K, reserved 1179648K
  class space    used 12319K, committed 13248K, reserved 1048576K
}
Event: 7281.712 GC heap before
{Heap before GC invocations=5065 (full 5):
 PSYoungGen      total 1536K, used 1311K [0x00000000d5580000, 0x00000000d5800000, 0x0000000100000000)
  eden space 1024K, 99% used [0x00000000d5580000,0x00000000d567fff8,0x00000000d5680000)
  from space 512K, 56% used [0x00000000d5780000,0x00000000d57c8000,0x00000000d5800000)
  to   space 512K, 0% used [0x00000000d5680000,0x00000000d5680000,0x00000000d5700000)
 ParOldGen       total 969728K, used 969319K [0x0000000080000000, 0x00000000bb300000, 0x00000000d5580000)
  object space 969728K, 99% used [0x0000000080000000,0x00000000bb299d00,0x00000000bb300000)
 Metaspace       used 97216K, committed 99200K, reserved 1179648K
  class space    used 12319K, committed 13248K, reserved 1048576K
}
Event: 7281.720 GC heap after
{Heap after GC invocations=5065 (full 5):
 PSYoungGen      total 1536K, used 256K [0x00000000d5580000, 0x00000000d5800000, 0x0000000100000000)
  eden space 1024K, 0% used [0x00000000d5580000,0x00000000d5580000,0x00000000d5680000)
  from space 512K, 50% used [0x00000000d5680000,0x00000000d56c0000,0x00000000d5700000)
  to   space 512K, 0% used [0x00000000d5780000,0x00000000d5780000,0x00000000d5800000)
 ParOldGen       total 969728K, used 969375K [0x0000000080000000, 0x00000000bb300000, 0x00000000d5580000)
  object space 969728K, 99% used [0x0000000080000000,0x00000000bb2a7d00,0x00000000bb300000)
 Metaspace       used 97216K, committed 99200K, reserved 1179648K
  class space    used 12319K, committed 13248K, reserved 1048576K
}
Event: 7281.754 GC heap before
{Heap before GC invocations=5066 (full 5):
 PSYoungGen      total 1536K, used 1280K [0x00000000d5580000, 0x00000000d5800000, 0x0000000100000000)
  eden space 1024K, 100% used [0x00000000d5580000,0x00000000d5680000,0x00000000d5680000)
  from space 512K, 50% used [0x00000000d5680000,0x00000000d56c0000,0x00000000d5700000)
  to   space 512K, 0% used [0x00000000d5780000,0x00000000d5780000,0x00000000d5800000)
 ParOldGen       total 969728K, used 969375K [0x0000000080000000, 0x00000000bb300000, 0x00000000d5580000)
  object space 969728K, 99% used [0x0000000080000000,0x00000000bb2a7d00,0x00000000bb300000)
 Metaspace       used 97216K, committed 99200K, reserved 1179648K
  class space    used 12319K, committed 13248K, reserved 1048576K
}
Event: 7281.756 GC heap after
{Heap after GC invocations=5066 (full 5):
 PSYoungGen      total 1536K, used 256K [0x00000000d5580000, 0x00000000d5800000, 0x0000000100000000)
  eden space 1024K, 0% used [0x00000000d5580000,0x00000000d5580000,0x00000000d5680000)
  from space 512K, 50% used [0x00000000d5780000,0x00000000d57c0000,0x00000000d5800000)
  to   space 512K, 0% used [0x00000000d5680000,0x00000000d5680000,0x00000000d5700000)
 ParOldGen       total 969728K, used 969447K [0x0000000080000000, 0x00000000bb300000, 0x00000000d5580000)
  object space 969728K, 99% used [0x0000000080000000,0x00000000bb2b9d00,0x00000000bb300000)
 Metaspace       used 97216K, committed 99200K, reserved 1179648K
  class space    used 12319K, committed 13248K, reserved 1048576K
}
Event: 7582.410 GC heap before
{Heap before GC invocations=5067 (full 5):
 PSYoungGen      total 1536K, used 1280K [0x00000000d5580000, 0x00000000d5800000, 0x0000000100000000)
  eden space 1024K, 100% used [0x00000000d5580000,0x00000000d5680000,0x00000000d5680000)
  from space 512K, 50% used [0x00000000d5780000,0x00000000d57c0000,0x00000000d5800000)
  to   space 512K, 0% used [0x00000000d5680000,0x00000000d5680000,0x00000000d5700000)
 ParOldGen       total 969728K, used 969447K [0x0000000080000000, 0x00000000bb300000, 0x00000000d5580000)
  object space 969728K, 99% used [0x0000000080000000,0x00000000bb2b9d00,0x00000000bb300000)
 Metaspace       used 97220K, committed 99200K, reserved 1179648K
  class space    used 12319K, committed 13248K, reserved 1048576K
}
Event: 7583.186 GC heap after
{Heap after GC invocations=5067 (full 5):
 PSYoungGen      total 1536K, used 288K [0x00000000d5580000, 0x00000000d5800000, 0x0000000100000000)
  eden space 1024K, 0% used [0x00000000d5580000,0x00000000d5580000,0x00000000d5680000)
  from space 512K, 56% used [0x00000000d5680000,0x00000000d56c8000,0x00000000d5700000)
  to   space 512K, 0% used [0x00000000d5780000,0x00000000d5780000,0x00000000d5800000)
 ParOldGen       total 969728K, used 969479K [0x0000000080000000, 0x00000000bb300000, 0x00000000d5580000)
  object space 969728K, 99% used [0x0000000080000000,0x00000000bb2c1d00,0x00000000bb300000)
 Metaspace       used 97220K, committed 99200K, reserved 1179648K
  class space    used 12319K, committed 13248K, reserved 1048576K
}
Event: 7584.550 GC heap before
{Heap before GC invocations=5068 (full 5):
 PSYoungGen      total 1536K, used 1312K [0x00000000d5580000, 0x00000000d5800000, 0x0000000100000000)
  eden space 1024K, 100% used [0x00000000d5580000,0x00000000d5680000,0x00000000d5680000)
  from space 512K, 56% used [0x00000000d5680000,0x00000000d56c8000,0x00000000d5700000)
  to   space 512K, 0% used [0x00000000d5780000,0x00000000d5780000,0x00000000d5800000)
 ParOldGen       total 969728K, used 969479K [0x0000000080000000, 0x00000000bb300000, 0x00000000d5580000)
  object space 969728K, 99% used [0x0000000080000000,0x00000000bb2c1d00,0x00000000bb300000)
 Metaspace       used 97224K, committed 99200K, reserved 1179648K
  class space    used 12319K, committed 13248K, reserved 1048576K
}
Event: 7584.556 GC heap after
{Heap after GC invocations=5068 (full 5):
 PSYoungGen      total 1536K, used 224K [0x00000000d5580000, 0x00000000d5800000, 0x0000000100000000)
  eden space 1024K, 0% used [0x00000000d5580000,0x00000000d5580000,0x00000000d5680000)
  from space 512K, 43% used [0x00000000d5780000,0x00000000d57b8000,0x00000000d5800000)
  to   space 512K, 0% used [0x00000000d5680000,0x00000000d5680000,0x00000000d5700000)
 ParOldGen       total 969728K, used 969543K [0x0000000080000000, 0x00000000bb300000, 0x00000000d5580000)
  object space 969728K, 99% used [0x0000000080000000,0x00000000bb2d1d00,0x00000000bb300000)
 Metaspace       used 97224K, committed 99200K, reserved 1179648K
  class space    used 12319K, committed 13248K, reserved 1048576K
}
Event: 7649.861 GC heap before
{Heap before GC invocations=5069 (full 5):
 PSYoungGen      total 1536K, used 1248K [0x00000000d5580000, 0x00000000d5800000, 0x0000000100000000)
  eden space 1024K, 100% used [0x00000000d5580000,0x00000000d5680000,0x00000000d5680000)
  from space 512K, 43% used [0x00000000d5780000,0x00000000d57b8000,0x00000000d5800000)
  to   space 512K, 0% used [0x00000000d5680000,0x00000000d5680000,0x00000000d5700000)
 ParOldGen       total 969728K, used 969543K [0x0000000080000000, 0x00000000bb300000, 0x00000000d5580000)
  object space 969728K, 99% used [0x0000000080000000,0x00000000bb2d1d00,0x00000000bb300000)
 Metaspace       used 97226K, committed 99200K, reserved 1179648K
  class space    used 12319K, committed 13248K, reserved 1048576K
}
Event: 7649.876 GC heap after
{Heap after GC invocations=5069 (full 5):
 PSYoungGen      total 1536K, used 192K [0x00000000d5580000, 0x00000000d5800000, 0x0000000100000000)
  eden space 1024K, 0% used [0x00000000d5580000,0x00000000d5580000,0x00000000d5680000)
  from space 512K, 37% used [0x00000000d5680000,0x00000000d56b0000,0x00000000d5700000)
  to   space 512K, 0% used [0x00000000d5780000,0x00000000d5780000,0x00000000d5800000)
 ParOldGen       total 969728K, used 969559K [0x0000000080000000, 0x00000000bb300000, 0x00000000d5580000)
  object space 969728K, 99% used [0x0000000080000000,0x00000000bb2d5d00,0x00000000bb300000)
 Metaspace       used 97226K, committed 99200K, reserved 1179648K
  class space    used 12319K, committed 13248K, reserved 1048576K
}
Event: 7649.953 GC heap before
{Heap before GC invocations=5070 (full 5):
 PSYoungGen      total 1536K, used 1216K [0x00000000d5580000, 0x00000000d5800000, 0x0000000100000000)
  eden space 1024K, 100% used [0x00000000d5580000,0x00000000d5680000,0x00000000d5680000)
  from space 512K, 37% used [0x00000000d5680000,0x00000000d56b0000,0x00000000d5700000)
  to   space 512K, 0% used [0x00000000d5780000,0x00000000d5780000,0x00000000d5800000)
 ParOldGen       total 969728K, used 969559K [0x0000000080000000, 0x00000000bb300000, 0x00000000d5580000)
  object space 969728K, 99% used [0x0000000080000000,0x00000000bb2d5d00,0x00000000bb300000)
 Metaspace       used 97226K, committed 99200K, reserved 1179648K
  class space    used 12319K, committed 13248K, reserved 1048576K
}
Event: 7649.970 GC heap after
{Heap after GC invocations=5070 (full 5):
 PSYoungGen      total 1536K, used 224K [0x00000000d5580000, 0x00000000d5800000, 0x0000000100000000)
  eden space 1024K, 0% used [0x00000000d5580000,0x00000000d5580000,0x00000000d5680000)
  from space 512K, 43% used [0x00000000d5780000,0x00000000d57b8000,0x00000000d5800000)
  to   space 512K, 0% used [0x00000000d5680000,0x00000000d5680000,0x00000000d5700000)
 ParOldGen       total 969728K, used 969615K [0x0000000080000000, 0x00000000bb300000, 0x00000000d5580000)
  object space 969728K, 99% used [0x0000000080000000,0x00000000bb2e3d00,0x00000000bb300000)
 Metaspace       used 97226K, committed 99200K, reserved 1179648K
  class space    used 12319K, committed 13248K, reserved 1048576K
}
Event: 7949.718 GC heap before
{Heap before GC invocations=5071 (full 5):
 PSYoungGen      total 1536K, used 1248K [0x00000000d5580000, 0x00000000d5800000, 0x0000000100000000)
  eden space 1024K, 100% used [0x00000000d5580000,0x00000000d5680000,0x00000000d5680000)
  from space 512K, 43% used [0x00000000d5780000,0x00000000d57b8000,0x00000000d5800000)
  to   space 512K, 0% used [0x00000000d5680000,0x00000000d5680000,0x00000000d5700000)
 ParOldGen       total 969728K, used 969615K [0x0000000080000000, 0x00000000bb300000, 0x00000000d5580000)
  object space 969728K, 99% used [0x0000000080000000,0x00000000bb2e3d00,0x00000000bb300000)
 Metaspace       used 97229K, committed 99200K, reserved 1179648K
  class space    used 12319K, committed 13248K, reserved 1048576K
}
Event: 7949.828 GC heap after
{Heap after GC invocations=5071 (full 5):
 PSYoungGen      total 1536K, used 256K [0x00000000d5580000, 0x00000000d5800000, 0x0000000100000000)
  eden space 1024K, 0% used [0x00000000d5580000,0x00000000d5580000,0x00000000d5680000)
  from space 512K, 50% used [0x00000000d5680000,0x00000000d56c0000,0x00000000d5700000)
  to   space 512K, 0% used [0x00000000d5780000,0x00000000d5780000,0x00000000d5800000)
 ParOldGen       total 969728K, used 969647K [0x0000000080000000, 0x00000000bb300000, 0x00000000d5580000)
  object space 969728K, 99% used [0x0000000080000000,0x00000000bb2ebd00,0x00000000bb300000)
 Metaspace       used 97229K, committed 99200K, reserved 1179648K
  class space    used 12319K, committed 13248K, reserved 1048576K
}
Event: 7949.962 GC heap before
{Heap before GC invocations=5072 (full 5):
 PSYoungGen      total 1536K, used 1277K [0x00000000d5580000, 0x00000000d5800000, 0x0000000100000000)
  eden space 1024K, 99% used [0x00000000d5580000,0x00000000d567f5d0,0x00000000d5680000)
  from space 512K, 50% used [0x00000000d5680000,0x00000000d56c0000,0x00000000d5700000)
  to   space 512K, 0% used [0x00000000d5780000,0x00000000d5780000,0x00000000d5800000)
 ParOldGen       total 969728K, used 969647K [0x0000000080000000, 0x00000000bb300000, 0x00000000d5580000)
  object space 969728K, 99% used [0x0000000080000000,0x00000000bb2ebd00,0x00000000bb300000)
 Metaspace       used 97233K, committed 99200K, reserved 1179648K
  class space    used 12319K, committed 13248K, reserved 1048576K
}
Event: 7949.965 GC heap after
{Heap after GC invocations=5072 (full 5):
 PSYoungGen      total 1536K, used 192K [0x00000000d5580000, 0x00000000d5800000, 0x0000000100000000)
  eden space 1024K, 0% used [0x00000000d5580000,0x00000000d5580000,0x00000000d5680000)
  from space 512K, 37% used [0x00000000d5780000,0x00000000d57b0000,0x00000000d5800000)
  to   space 512K, 0% used [0x00000000d5680000,0x00000000d5680000,0x00000000d5700000)
 ParOldGen       total 969728K, used 969703K [0x0000000080000000, 0x00000000bb300000, 0x00000000d5580000)
  object space 969728K, 99% used [0x0000000080000000,0x00000000bb2f9d00,0x00000000bb300000)
 Metaspace       used 97233K, committed 99200K, reserved 1179648K
  class space    used 12319K, committed 13248K, reserved 1048576K
}
Event: 8749.431 GC heap before
{Heap before GC invocations=5073 (full 5):
 PSYoungGen      total 1536K, used 1216K [0x00000000d5580000, 0x00000000d5800000, 0x0000000100000000)
  eden space 1024K, 100% used [0x00000000d5580000,0x00000000d5680000,0x00000000d5680000)
  from space 512K, 37% used [0x00000000d5780000,0x00000000d57b0000,0x00000000d5800000)
  to   space 512K, 0% used [0x00000000d5680000,0x00000000d5680000,0x00000000d5700000)
 ParOldGen       total 969728K, used 969703K [0x0000000080000000, 0x00000000bb300000, 0x00000000d5580000)
  object space 969728K, 99% used [0x0000000080000000,0x00000000bb2f9d00,0x00000000bb300000)
 Metaspace       used 97256K, committed 99264K, reserved 1179648K
  class space    used 12319K, committed 13248K, reserved 1048576K
}
Event: 8749.654 GC heap after
{Heap after GC invocations=5073 (full 5):
 PSYoungGen      total 1536K, used 320K [0x00000000d5580000, 0x00000000d5800000, 0x0000000100000000)
  eden space 1024K, 0% used [0x00000000d5580000,0x00000000d5580000,0x00000000d5680000)
  from space 512K, 62% used [0x00000000d5680000,0x00000000d56d0000,0x00000000d5700000)
  to   space 512K, 0% used [0x00000000d5780000,0x00000000d5780000,0x00000000d5800000)
 ParOldGen       total 970240K, used 969743K [0x0000000080000000, 0x00000000bb380000, 0x00000000d5580000)
  object space 970240K, 99% used [0x0000000080000000,0x00000000bb303d00,0x00000000bb380000)
 Metaspace       used 97256K, committed 99264K, reserved 1179648K
  class space    used 12319K, committed 13248K, reserved 1048576K
}

Dll operation events (17 events):
Event: 0.010 Loaded shared library c:\Users\nghiw\.vscode\extensions\redhat.java-1.54.0-win32-x64\jre\21.0.10-win32-x86_64\bin\java.dll
Event: 0.088 Loaded shared library c:\Users\nghiw\.vscode\extensions\redhat.java-1.54.0-win32-x64\jre\21.0.10-win32-x86_64\bin\zip.dll
Event: 0.112 Loaded shared library C:\Users\nghiw\.vscode\extensions\redhat.java-1.54.0-win32-x64\jre\21.0.10-win32-x86_64\bin\instrument.dll
Event: 0.117 Loaded shared library C:\Users\nghiw\.vscode\extensions\redhat.java-1.54.0-win32-x64\jre\21.0.10-win32-x86_64\bin\net.dll
Event: 0.119 Loaded shared library C:\Users\nghiw\.vscode\extensions\redhat.java-1.54.0-win32-x64\jre\21.0.10-win32-x86_64\bin\nio.dll
Event: 0.124 Loaded shared library C:\Users\nghiw\.vscode\extensions\redhat.java-1.54.0-win32-x64\jre\21.0.10-win32-x86_64\bin\zip.dll
Event: 0.142 Loaded shared library C:\Users\nghiw\.vscode\extensions\redhat.java-1.54.0-win32-x64\jre\21.0.10-win32-x86_64\bin\jimage.dll
Event: 0.220 Loaded shared library c:\Users\nghiw\.vscode\extensions\redhat.java-1.54.0-win32-x64\jre\21.0.10-win32-x86_64\bin\verify.dll
Event: 1.249 Loaded shared library C:\Users\nghiw\AppData\Roaming\Code\User\globalStorage\redhat.java\1.54.0\config_win\org.eclipse.equinox.launcher\org.eclipse.equinox.launcher.win32.win32.x86_64_1.3.0.v20260203-2149\eclipse_11919.dll
Event: 4.718 Loaded shared library C:\Users\nghiw\.vscode\extensions\redhat.java-1.54.0-win32-x64\jre\21.0.10-win32-x86_64\bin\management.dll
Event: 4.722 Loaded shared library C:\Users\nghiw\.vscode\extensions\redhat.java-1.54.0-win32-x64\jre\21.0.10-win32-x86_64\bin\management_ext.dll
Event: 6.674 Loaded shared library C:\Users\nghiw\AppData\Local\Temp\jna-104759101\jna10775820920709082222.dll
Event: 7.049 Loaded shared library C:\Users\nghiw\.vscode\extensions\redhat.java-1.54.0-win32-x64\jre\21.0.10-win32-x86_64\bin\sunmscapi.dll
Event: 7.902 Loaded shared library C:\Users\nghiw\.vscode\extensions\redhat.java-1.54.0-win32-x64\jre\21.0.10-win32-x86_64\bin\extnet.dll
Event: 10.404 Loaded shared library C:\Users\nghiw\.gradle\native\1def1411415f61bf3af743bc5b6707747c0891f09f0c88961ee8f79bc544acac\windows-amd64\native-platform.dll
Event: 256.529 Loaded shared library C:\Users\nghiw\.gradle\native\c067742578af261105cb4f569cf0c3c89f3d7b1fecec35dd04571415982c5e48\windows-amd64\native-platform.dll
Event: 3046.373 Loaded shared library C:\Users\nghiw\.gradle\native\68d5fa5c4cc2d200863cafc0d521ce42e7d3e7ee720ec0a83991735586a16f82\windows-amd64\native-platform.dll

Deoptimization events (20 events):
Event: 3831.348 Thread 0x000001ef984df310 Uncommon trap: trap_request=0xffffff45 fr.pc=0x000001ef3f731538 relative=0x0000000000000fb8
Event: 3831.348 Thread 0x000001ef984df310 Uncommon trap: reason=unstable_if action=reinterpret pc=0x000001ef3f731538 method=com.google.gson.stream.JsonWriter.string(Ljava/lang/String;)V @ 57 c2
Event: 3831.348 Thread 0x000001ef984df310 DEOPT PACKING pc=0x000001ef3f731538 sp=0x000000d3401fde00
Event: 3831.348 Thread 0x000001ef984df310 DEOPT UNPACKING pc=0x000001ef3e516da2 sp=0x000000d3401fdde8 mode 2
Event: 3831.349 Thread 0x000001ef984df310 Uncommon trap: trap_request=0xffffff45 fr.pc=0x000001ef3f04bd64 relative=0x0000000000000284
Event: 3831.349 Thread 0x000001ef984df310 Uncommon trap: reason=unstable_if action=reinterpret pc=0x000001ef3f04bd64 method=java.lang.String.encodeUTF8(B[BZ)[B @ 2 c2
Event: 3831.349 Thread 0x000001ef984df310 DEOPT PACKING pc=0x000001ef3f04bd64 sp=0x000000d3401fe580
Event: 3831.349 Thread 0x000001ef984df310 DEOPT UNPACKING pc=0x000001ef3e516da2 sp=0x000000d3401fe490 mode 2
Event: 3831.351 Thread 0x000001ef984df310 Uncommon trap: trap_request=0xffffffde fr.pc=0x000001ef3efe14a8 relative=0x00000000000004c8
Event: 3831.351 Thread 0x000001ef984df310 Uncommon trap: reason=class_check action=maybe_recompile pc=0x000001ef3efe14a8 method=java.util.AbstractMap.hashCode()I @ 3 c2
Event: 3831.351 Thread 0x000001ef984df310 DEOPT PACKING pc=0x000001ef3efe14a8 sp=0x000000d3401fe990
Event: 3831.351 Thread 0x000001ef984df310 DEOPT UNPACKING pc=0x000001ef3e516da2 sp=0x000000d3401fe938 mode 2
Event: 4047.738 Thread 0x000001ef984df310 Uncommon trap: trap_request=0xffffff45 fr.pc=0x000001ef3f2f0a10 relative=0x0000000000001770
Event: 4047.739 Thread 0x000001ef984df310 Uncommon trap: reason=unstable_if action=reinterpret pc=0x000001ef3f2f0a10 method=org.eclipse.core.internal.jobs.JobManager.findBlockingJob(Lorg/eclipse/core/internal/jobs/InternalJob;)Lorg/eclipse/core/internal/jobs/InternalJob; @ 23 c2
Event: 4047.739 Thread 0x000001ef984df310 DEOPT PACKING pc=0x000001ef3f2f0a10 sp=0x000000d3401fef60
Event: 4047.739 Thread 0x000001ef984df310 DEOPT UNPACKING pc=0x000001ef3e516da2 sp=0x000000d3401fef20 mode 2
Event: 7281.180 Thread 0x000001ef95016430 Uncommon trap: trap_request=0xffffff45 fr.pc=0x000001ef3f6599e0 relative=0x0000000000004ae0
Event: 7281.196 Thread 0x000001ef95016430 Uncommon trap: reason=unstable_if action=reinterpret pc=0x000001ef3f6599e0 method=org.eclipse.core.internal.localstore.RefreshLocalVisitor.synchronizeExistence(Lorg/eclipse/core/internal/localstore/UnifiedTreeNode;Lorg/eclipse/core/internal/resources/Reso
Event: 7281.197 Thread 0x000001ef95016430 DEOPT PACKING pc=0x000001ef3f6599e0 sp=0x000000d33e3fed00
Event: 7281.207 Thread 0x000001ef95016430 DEOPT UNPACKING pc=0x000001ef3e516da2 sp=0x000000d33e3fecc0 mode 2

Classes loaded (20 events):
Event: 2298.454 Loading class sun/security/ssl/SSLEngineOutputRecord$HandshakeFragment
Event: 2298.455 Loading class sun/security/ssl/SSLEngineOutputRecord$HandshakeFragment done
Event: 2298.455 Loading class sun/security/ssl/SSLEngineOutputRecord$HandshakeMemo
Event: 2298.455 Loading class sun/security/ssl/SSLEngineOutputRecord$RecordMemo
Event: 2298.455 Loading class sun/security/ssl/SSLEngineOutputRecord$RecordMemo done
Event: 2298.455 Loading class sun/security/ssl/SSLEngineOutputRecord$HandshakeMemo done
Event: 2304.489 Loading class sun/security/ssl/PreSharedKeyExtension$SHPreSharedKeySpec
Event: 2304.490 Loading class sun/security/ssl/PreSharedKeyExtension$SHPreSharedKeySpec done
Event: 3150.685 Loading class javax/net/ssl/SSLHandshakeException
Event: 3150.685 Loading class javax/net/ssl/SSLException
Event: 3150.685 Loading class javax/net/ssl/SSLException done
Event: 3150.685 Loading class javax/net/ssl/SSLHandshakeException done
Event: 3740.187 Loading class javax/crypto/AEADBadTagException
Event: 3740.190 Loading class javax/crypto/AEADBadTagException done
Event: 3740.221 Loading class java/lang/Throwable$WrappedPrintWriter
Event: 3740.222 Loading class java/lang/Throwable$WrappedPrintWriter done
Event: 3825.956 Loading class java/net/NoRouteToHostException
Event: 3825.956 Loading class java/net/NoRouteToHostException done
Event: 3825.993 Loading class sun/net/util/SocketExceptions
Event: 3825.993 Loading class sun/net/util/SocketExceptions done

Classes unloaded (20 events):
Event: 7.150 Thread 0x000001ef8cad0d70 Unloading class 0x000001ef4c301800 'java/lang/invoke/LambdaForm$MH+0x000001ef4c301800'
Event: 7.150 Thread 0x000001ef8cad0d70 Unloading class 0x000001ef4c300c00 'java/lang/invoke/LambdaForm$MH+0x000001ef4c300c00'
Event: 7.150 Thread 0x000001ef8cad0d70 Unloading class 0x000001ef4c300400 'java/lang/invoke/LambdaForm$MH+0x000001ef4c300400'
Event: 237.511 Thread 0x000001ef8cad0d70 Unloading class 0x000001ef4c9d5400 'java/lang/invoke/LambdaForm$MH+0x000001ef4c9d5400'
Event: 237.511 Thread 0x000001ef8cad0d70 Unloading class 0x000001ef4c9d5000 'java/lang/invoke/LambdaForm$MH+0x000001ef4c9d5000'
Event: 237.511 Thread 0x000001ef8cad0d70 Unloading class 0x000001ef4c9d4c00 'java/lang/invoke/LambdaForm$MH+0x000001ef4c9d4c00'
Event: 237.511 Thread 0x000001ef8cad0d70 Unloading class 0x000001ef4c9d4800 'java/lang/invoke/LambdaForm$MH+0x000001ef4c9d4800'
Event: 237.511 Thread 0x000001ef8cad0d70 Unloading class 0x000001ef4c9d4400 'java/lang/invoke/LambdaForm$MH+0x000001ef4c9d4400'
Event: 237.511 Thread 0x000001ef8cad0d70 Unloading class 0x000001ef4c9d4000 'java/lang/invoke/LambdaForm$MH+0x000001ef4c9d4000'
Event: 237.511 Thread 0x000001ef8cad0d70 Unloading class 0x000001ef4c9d3400 'java/lang/invoke/LambdaForm$MH+0x000001ef4c9d3400'
Event: 237.511 Thread 0x000001ef8cad0d70 Unloading class 0x000001ef4c9d3000 'java/lang/invoke/LambdaForm$MH+0x000001ef4c9d3000'
Event: 237.511 Thread 0x000001ef8cad0d70 Unloading class 0x000001ef4c9d2c00 'java/lang/invoke/LambdaForm$MH+0x000001ef4c9d2c00'
Event: 237.511 Thread 0x000001ef8cad0d70 Unloading class 0x000001ef4c9d2400 'java/lang/invoke/LambdaForm$MH+0x000001ef4c9d2400'
Event: 237.511 Thread 0x000001ef8cad0d70 Unloading class 0x000001ef4c9d2000 'java/lang/invoke/LambdaForm$MH+0x000001ef4c9d2000'
Event: 237.511 Thread 0x000001ef8cad0d70 Unloading class 0x000001ef4c9d1c00 'java/lang/invoke/LambdaForm$MH+0x000001ef4c9d1c00'
Event: 237.511 Thread 0x000001ef8cad0d70 Unloading class 0x000001ef4c9d1400 'java/lang/invoke/LambdaForm$MH+0x000001ef4c9d1400'
Event: 237.511 Thread 0x000001ef8cad0d70 Unloading class 0x000001ef4c9d1000 'java/lang/invoke/LambdaForm$MH+0x000001ef4c9d1000'
Event: 237.511 Thread 0x000001ef8cad0d70 Unloading class 0x000001ef4c9d0c00 'java/lang/invoke/LambdaForm$MH+0x000001ef4c9d0c00'
Event: 237.511 Thread 0x000001ef8cad0d70 Unloading class 0x000001ef4c9d0800 'java/lang/invoke/LambdaForm$MH+0x000001ef4c9d0800'
Event: 237.511 Thread 0x000001ef8cad0d70 Unloading class 0x000001ef4c9d0400 'java/lang/invoke/LambdaForm$MH+0x000001ef4c9d0400'

Classes redefined (0 events):
No events

Internal exceptions (20 events):
Event: 7949.888 Thread 0x000001ef9943fa40 Exception <a 'sun/nio/fs/WindowsException'{0x00000000d55f3fb8}> (0x00000000d55f3fb8) 
thrown [s\src\hotspot\share\prims\jni.cpp, line 520]
Event: 7949.888 Thread 0x000001ef9943fa40 Exception <a 'sun/nio/fs/WindowsException'{0x00000000d55f4a20}> (0x00000000d55f4a20) 
thrown [s\src\hotspot\share\prims\jni.cpp, line 520]
Event: 7949.889 Thread 0x000001ef9943fa40 Exception <a 'sun/nio/fs/WindowsException'{0x00000000d55f6348}> (0x00000000d55f6348) 
thrown [s\src\hotspot\share\prims\jni.cpp, line 520]
Event: 7949.889 Thread 0x000001ef9943fa40 Exception <a 'sun/nio/fs/WindowsException'{0x00000000d55f6da0}> (0x00000000d55f6da0) 
thrown [s\src\hotspot\share\prims\jni.cpp, line 520]
Event: 7949.890 Thread 0x000001ef9943fa40 Exception <a 'sun/nio/fs/WindowsException'{0x00000000d55f86f0}> (0x00000000d55f86f0) 
thrown [s\src\hotspot\share\prims\jni.cpp, line 520]
Event: 7949.890 Thread 0x000001ef9943fa40 Exception <a 'sun/nio/fs/WindowsException'{0x00000000d55f90d0}> (0x00000000d55f90d0) 
thrown [s\src\hotspot\share\prims\jni.cpp, line 520]
Event: 7949.890 Thread 0x000001ef9943fa40 Exception <a 'sun/nio/fs/WindowsException'{0x00000000d55fa988}> (0x00000000d55fa988) 
thrown [s\src\hotspot\share\prims\jni.cpp, line 520]
Event: 7949.890 Thread 0x000001ef9943fa40 Exception <a 'sun/nio/fs/WindowsException'{0x00000000d55fb0c0}> (0x00000000d55fb0c0) 
thrown [s\src\hotspot\share\prims\jni.cpp, line 520]
Event: 7949.891 Thread 0x000001ef9943fa40 Exception <a 'sun/nio/fs/WindowsException'{0x00000000d55fcd50}> (0x00000000d55fcd50) 
thrown [s\src\hotspot\share\prims\jni.cpp, line 520]
Event: 7949.891 Thread 0x000001ef9943fa40 Exception <a 'sun/nio/fs/WindowsException'{0x00000000d55fd4e0}> (0x00000000d55fd4e0) 
thrown [s\src\hotspot\share\prims\jni.cpp, line 520]
Event: 7949.891 Thread 0x000001ef9943fa40 Exception <a 'sun/nio/fs/WindowsException'{0x00000000d55fecf8}> (0x00000000d55fecf8) 
thrown [s\src\hotspot\share\prims\jni.cpp, line 520]
Event: 7949.891 Thread 0x000001ef9943fa40 Exception <a 'sun/nio/fs/WindowsException'{0x00000000d55ff788}> (0x00000000d55ff788) 
thrown [s\src\hotspot\share\prims\jni.cpp, line 520]
Event: 7949.894 Thread 0x000001ef9943fa40 Exception <a 'sun/nio/fs/WindowsException'{0x00000000d5605fc8}> (0x00000000d5605fc8) 
thrown [s\src\hotspot\share\prims\jni.cpp, line 520]
Event: 7949.894 Thread 0x000001ef9943fa40 Exception <a 'sun/nio/fs/WindowsException'{0x00000000d5606a58}> (0x00000000d5606a58) 
thrown [s\src\hotspot\share\prims\jni.cpp, line 520]
Event: 7949.896 Thread 0x000001ef9943fa40 Exception <a 'sun/nio/fs/WindowsException'{0x00000000d5608960}> (0x00000000d5608960) 
thrown [s\src\hotspot\share\prims\jni.cpp, line 520]
Event: 7949.896 Thread 0x000001ef9943fa40 Exception <a 'sun/nio/fs/WindowsException'{0x00000000d5609178}> (0x00000000d5609178) 
thrown [s\src\hotspot\share\prims\jni.cpp, line 520]
Event: 7949.897 Thread 0x000001ef9943fa40 Exception <a 'sun/nio/fs/WindowsException'{0x00000000d560aab8}> (0x00000000d560aab8) 
thrown [s\src\hotspot\share\prims\jni.cpp, line 520]
Event: 7949.897 Thread 0x000001ef9943fa40 Exception <a 'sun/nio/fs/WindowsException'{0x00000000d560b538}> (0x00000000d560b538) 
thrown [s\src\hotspot\share\prims\jni.cpp, line 520]
Event: 7949.897 Thread 0x000001ef9943fa40 Exception <a 'sun/nio/fs/WindowsException'{0x00000000d560cde8}> (0x00000000d560cde8) 
thrown [s\src\hotspot\share\prims\jni.cpp, line 520]
Event: 7949.898 Thread 0x000001ef9943fa40 Exception <a 'sun/nio/fs/WindowsException'{0x00000000d560d860}> (0x00000000d560d860) 
thrown [s\src\hotspot\share\prims\jni.cpp, line 520]

ZGC Phase Switch (0 events):
No events

VM Operations (20 events):
Event: 8387.716 Executing non-safepoint VM operation: RendezvousGCThreads
Event: 8387.716 Executing non-safepoint VM operation: RendezvousGCThreads done
Event: 8508.147 Executing non-safepoint VM operation: HandshakeAllThreads (HandshakeForDeflation)
Event: 8508.147 Executing non-safepoint VM operation: HandshakeAllThreads (HandshakeForDeflation) done
Event: 8508.147 Executing non-safepoint VM operation: RendezvousGCThreads
Event: 8508.148 Executing non-safepoint VM operation: RendezvousGCThreads done
Event: 8688.416 Executing non-safepoint VM operation: HandshakeAllThreads (HandshakeForDeflation)
Event: 8688.416 Executing non-safepoint VM operation: HandshakeAllThreads (HandshakeForDeflation) done
Event: 8688.416 Executing non-safepoint VM operation: RendezvousGCThreads
Event: 8688.416 Executing non-safepoint VM operation: RendezvousGCThreads done
Event: 8748.592 Executing non-safepoint VM operation: HandshakeAllThreads (HandshakeForDeflation)
Event: 8748.594 Executing non-safepoint VM operation: HandshakeAllThreads (HandshakeForDeflation) done
Event: 8748.594 Executing non-safepoint VM operation: RendezvousGCThreads
Event: 8748.594 Executing non-safepoint VM operation: RendezvousGCThreads done
Event: 8749.430 Executing safepoint VM operation: ParallelGCFailedAllocation (Allocation Failure)
Event: 8749.654 Executing safepoint VM operation: ParallelGCFailedAllocation (Allocation Failure) done
Event: 8808.724 Executing non-safepoint VM operation: HandshakeAllThreads (HandshakeForDeflation)
Event: 8808.724 Executing non-safepoint VM operation: HandshakeAllThreads (HandshakeForDeflation) done
Event: 8808.724 Executing non-safepoint VM operation: RendezvousGCThreads
Event: 8808.724 Executing non-safepoint VM operation: RendezvousGCThreads done

Memory protections (0 events):
No events

Nmethod flushes (20 events):
Event: 270.151 Thread 0x000001ef8cad0d70 flushing  nmethod 0x000001ef38d29610
Event: 270.151 Thread 0x000001ef8cad0d70 flushing  nmethod 0x000001ef38d2cc90
Event: 270.151 Thread 0x000001ef8cad0d70 flushing  nmethod 0x000001ef38d34810
Event: 270.151 Thread 0x000001ef8cad0d70 flushing  nmethod 0x000001ef38d46690
Event: 270.151 Thread 0x000001ef8cad0d70 flushing  nmethod 0x000001ef38d47d90
Event: 270.151 Thread 0x000001ef8cad0d70 flushing osr nmethod 0x000001ef38d49490
Event: 270.151 Thread 0x000001ef8cad0d70 flushing  nmethod 0x000001ef38d5e090
Event: 270.151 Thread 0x000001ef8cad0d70 flushing  nmethod 0x000001ef38d71990
Event: 270.151 Thread 0x000001ef8cad0d70 flushing  nmethod 0x000001ef38d71d90
Event: 270.151 Thread 0x000001ef8cad0d70 flushing  nmethod 0x000001ef38d72410
Event: 270.151 Thread 0x000001ef8cad0d70 flushing  nmethod 0x000001ef38d72b90
Event: 270.151 Thread 0x000001ef8cad0d70 flushing  nmethod 0x000001ef38d73810
Event: 270.151 Thread 0x000001ef8cad0d70 flushing  nmethod 0x000001ef38d74690
Event: 270.151 Thread 0x000001ef8cad0d70 flushing  nmethod 0x000001ef38d75790
Event: 270.151 Thread 0x000001ef8cad0d70 flushing  nmethod 0x000001ef38d76190
Event: 270.151 Thread 0x000001ef8cad0d70 flushing  nmethod 0x000001ef38d8e790
Event: 270.151 Thread 0x000001ef8cad0d70 flushing  nmethod 0x000001ef38d90210
Event: 270.151 Thread 0x000001ef8cad0d70 flushing  nmethod 0x000001ef38d93c90
Event: 270.151 Thread 0x000001ef8cad0d70 flushing  nmethod 0x000001ef38da9c90
Event: 270.151 Thread 0x000001ef8cad0d70 flushing  nmethod 0x000001ef38dacf90

Events (20 events):
Event: 7949.906 Thread 0x000001ef99441b10 Thread added: 0x000001ef9943e690
Event: 7949.907 Thread 0x000001ef99441480 Thread added: 0x000001ef99443be0
Event: 7949.907 Thread 0x000001ef99441b10 Thread added: 0x000001ef99444270
Event: 7949.907 Thread 0x000001ef99441480 Thread added: 0x000001ef99444900
Event: 7949.907 Thread 0x000001ef9943e690 Thread added: 0x000001ef99444f90
Event: 7949.908 Thread 0x000001ef99441b10 Thread added: 0x000001ef99445620
Event: 7949.908 Thread 0x000001ef99443be0 Thread added: 0x000001ef994421a0
Event: 7949.908 Thread 0x000001ef99444270 Thread added: 0x000001ef99442830
Event: 7949.908 Thread 0x000001ef99441480 Thread added: 0x000001ef99443550
Event: 7949.909 Thread 0x000001ef99442830 Thread exited: 0x000001ef99442830
Event: 7949.909 Thread 0x000001ef99441480 Thread exited: 0x000001ef99441480
Event: 7949.910 Thread 0x000001ef99444270 Thread exited: 0x000001ef99444270
Event: 7949.910 Thread 0x000001ef99443be0 Thread exited: 0x000001ef99443be0
Event: 7949.910 Thread 0x000001ef99445620 Thread exited: 0x000001ef99445620
Event: 7949.910 Thread 0x000001ef994421a0 Thread exited: 0x000001ef994421a0
Event: 7949.910 Thread 0x000001ef99444f90 Thread exited: 0x000001ef99444f90
Event: 7949.910 Thread 0x000001ef99441b10 Thread exited: 0x000001ef99441b10
Event: 7949.910 Thread 0x000001ef99443550 Thread exited: 0x000001ef99443550
Event: 7949.910 Thread 0x000001ef9943e690 Thread exited: 0x000001ef9943e690
Event: 7949.910 Thread 0x000001ef99444900 Thread exited: 0x000001ef99444900


Dynamic libraries:
0x00007ff63a8e0000 - 0x00007ff63a8ee000 	c:\Users\nghiw\.vscode\extensions\redhat.java-1.54.0-win32-x64\jre\21.0.10-win32-x86_64\bin\java.exe
0x00007ffdc5060000 - 0x00007ffdc52c7000 	C:\WINDOWS\SYSTEM32\ntdll.dll
0x00007ffdc3a20000 - 0x00007ffdc3ae9000 	C:\WINDOWS\System32\KERNEL32.DLL
0x00007ffdc2730000 - 0x00007ffdc2b24000 	C:\WINDOWS\System32\KERNELBASE.dll
0x00007ffdc1c90000 - 0x00007ffdc1ddb000 	C:\WINDOWS\System32\ucrtbase.dll
0x00007ffd80890000 - 0x00007ffd808a8000 	c:\Users\nghiw\.vscode\extensions\redhat.java-1.54.0-win32-x64\jre\21.0.10-win32-x86_64\bin\jli.dll
0x00007ffd6e8d0000 - 0x00007ffd6e8ee000 	c:\Users\nghiw\.vscode\extensions\redhat.java-1.54.0-win32-x64\jre\21.0.10-win32-x86_64\bin\VCRUNTIME140.dll
0x00007ffdc3c30000 - 0x00007ffdc3df5000 	C:\WINDOWS\System32\USER32.dll
0x00007ffda4b50000 - 0x00007ffda4de3000 	C:\WINDOWS\WinSxS\amd64_microsoft.windows.common-controls_6595b64144ccf1df_6.0.26100.8115_none_3e075c82e3354f9c\COMCTL32.dll
0x00007ffdc3200000 - 0x00007ffdc32a9000 	C:\WINDOWS\System32\msvcrt.dll
0x00007ffdc3c00000 - 0x00007ffdc3c2b000 	C:\WINDOWS\System32\GDI32.dll
0x00007ffdc2650000 - 0x00007ffdc2677000 	C:\WINDOWS\System32\win32u.dll
0x00007ffdc1930000 - 0x00007ffdc1a5b000 	C:\WINDOWS\System32\gdi32full.dll
0x00007ffdc2680000 - 0x00007ffdc2723000 	C:\WINDOWS\System32\msvcp_win.dll
0x00007ffdc3060000 - 0x00007ffdc3092000 	C:\WINDOWS\System32\IMM32.DLL
0x00007ffda4fd0000 - 0x00007ffda4fdc000 	c:\Users\nghiw\.vscode\extensions\redhat.java-1.54.0-win32-x64\jre\21.0.10-win32-x86_64\bin\vcruntime140_1.dll
0x00007ffd2db50000 - 0x00007ffd2dbdd000 	c:\Users\nghiw\.vscode\extensions\redhat.java-1.54.0-win32-x64\jre\21.0.10-win32-x86_64\bin\msvcp140.dll
0x00007ffcf7320000 - 0x00007ffcf80c1000 	c:\Users\nghiw\.vscode\extensions\redhat.java-1.54.0-win32-x64\jre\21.0.10-win32-x86_64\bin\server\jvm.dll
0x00007ffdc4f60000 - 0x00007ffdc5016000 	C:\WINDOWS\System32\ADVAPI32.dll
0x00007ffdc2fb0000 - 0x00007ffdc3057000 	C:\WINDOWS\System32\sechost.dll
0x00007ffdc4860000 - 0x00007ffdc4978000 	C:\WINDOWS\System32\RPCRT4.dll
0x00007ffdc4580000 - 0x00007ffdc4600000 	C:\WINDOWS\System32\WS2_32.dll
0x00007ffdc1790000 - 0x00007ffdc17ee000 	C:\WINDOWS\SYSTEM32\POWRPROF.dll
0x00007ffdb9d60000 - 0x00007ffdb9d96000 	C:\WINDOWS\SYSTEM32\WINMM.dll
0x00007ffdba680000 - 0x00007ffdba68b000 	C:\WINDOWS\SYSTEM32\VERSION.dll
0x00007ffdc1770000 - 0x00007ffdc1784000 	C:\WINDOWS\SYSTEM32\UMPDC.dll
0x00007ffdc06a0000 - 0x00007ffdc06bb000 	C:\WINDOWS\SYSTEM32\kernel.appcore.dll
0x00007ffd9fd90000 - 0x00007ffd9fd9a000 	c:\Users\nghiw\.vscode\extensions\redhat.java-1.54.0-win32-x64\jre\21.0.10-win32-x86_64\bin\jimage.dll
0x00007ffdbf5c0000 - 0x00007ffdbf802000 	C:\WINDOWS\SYSTEM32\DBGHELP.DLL
0x00007ffdc4bd0000 - 0x00007ffdc4f52000 	C:\WINDOWS\System32\combase.dll
0x00007ffdc3b00000 - 0x00007ffdc3bd8000 	C:\WINDOWS\System32\OLEAUT32.dll
0x00007ffda1e40000 - 0x00007ffda1e7b000 	C:\WINDOWS\SYSTEM32\dbgcore.DLL
0x00007ffdc1be0000 - 0x00007ffdc1c85000 	C:\WINDOWS\System32\bcryptPrimitives.dll
0x00007ffd962b0000 - 0x00007ffd962bf000 	c:\Users\nghiw\.vscode\extensions\redhat.java-1.54.0-win32-x64\jre\21.0.10-win32-x86_64\bin\instrument.dll
0x00007ffd6e8b0000 - 0x00007ffd6e8d0000 	c:\Users\nghiw\.vscode\extensions\redhat.java-1.54.0-win32-x64\jre\21.0.10-win32-x86_64\bin\java.dll
0x00007ffdc3e10000 - 0x00007ffdc4577000 	C:\WINDOWS\System32\SHELL32.dll
0x00007ffdc2bc0000 - 0x00007ffdc2d2a000 	C:\WINDOWS\System32\wintypes.dll
0x00007ffdc1de0000 - 0x00007ffdc2648000 	C:\WINDOWS\System32\windows.storage.dll
0x00007ffdc3380000 - 0x00007ffdc3478000 	C:\WINDOWS\System32\SHCORE.dll
0x00007ffdc4610000 - 0x00007ffdc4676000 	C:\WINDOWS\System32\shlwapi.dll
0x00007ffdc1850000 - 0x00007ffdc1879000 	C:\WINDOWS\SYSTEM32\profapi.dll
0x00007ffd68580000 - 0x00007ffd68598000 	c:\Users\nghiw\.vscode\extensions\redhat.java-1.54.0-win32-x64\jre\21.0.10-win32-x86_64\bin\zip.dll
0x00007ffd9f030000 - 0x00007ffd9f040000 	C:\Users\nghiw\.vscode\extensions\redhat.java-1.54.0-win32-x64\jre\21.0.10-win32-x86_64\bin\net.dll
0x00007ffdb9da0000 - 0x00007ffdb9ecd000 	C:\WINDOWS\SYSTEM32\WINHTTP.dll
0x00007ffdc0c30000 - 0x00007ffdc0c9c000 	C:\WINDOWS\system32\mswsock.dll
0x00007ffd5cbe0000 - 0x00007ffd5cbf6000 	C:\Users\nghiw\.vscode\extensions\redhat.java-1.54.0-win32-x64\jre\21.0.10-win32-x86_64\bin\nio.dll
0x00007ffd95ad0000 - 0x00007ffd95ae0000 	c:\Users\nghiw\.vscode\extensions\redhat.java-1.54.0-win32-x64\jre\21.0.10-win32-x86_64\bin\verify.dll
0x00007ffd539c0000 - 0x00007ffd53a05000 	C:\Users\nghiw\AppData\Roaming\Code\User\globalStorage\redhat.java\1.54.0\config_win\org.eclipse.equinox.launcher\org.eclipse.equinox.launcher.win32.win32.x86_64_1.3.0.v20260203-2149\eclipse_11919.dll
0x00007ffdc4a30000 - 0x00007ffdc4bc7000 	C:\WINDOWS\System32\ole32.dll
0x00007ffdaf3d0000 - 0x00007ffdaf3da000 	C:\Users\nghiw\.vscode\extensions\redhat.java-1.54.0-win32-x64\jre\21.0.10-win32-x86_64\bin\management.dll
0x00007ffda9090000 - 0x00007ffda909c000 	C:\Users\nghiw\.vscode\extensions\redhat.java-1.54.0-win32-x64\jre\21.0.10-win32-x86_64\bin\management_ext.dll
0x00007ffdc3e00000 - 0x00007ffdc3e08000 	C:\WINDOWS\System32\PSAPI.DLL
0x00007ffdc0f10000 - 0x00007ffdc0f2b000 	C:\WINDOWS\SYSTEM32\CRYPTSP.dll
0x00007ffdc0600000 - 0x00007ffdc0639000 	C:\WINDOWS\system32\rsaenh.dll
0x00007ffdc0ce0000 - 0x00007ffdc0d13000 	C:\WINDOWS\SYSTEM32\USERENV.dll
0x00007ffdc1820000 - 0x00007ffdc184a000 	C:\WINDOWS\SYSTEM32\bcrypt.dll
0x00007ffdc0f30000 - 0x00007ffdc0f3c000 	C:\WINDOWS\SYSTEM32\CRYPTBASE.dll
0x00007ffdc0070000 - 0x00007ffdc00a2000 	C:\WINDOWS\SYSTEM32\IPHLPAPI.DLL
0x00007ffdc32b0000 - 0x00007ffdc32ba000 	C:\WINDOWS\System32\NSI.dll
0x00007ffd3db00000 - 0x00007ffd3db49000 	C:\Users\nghiw\AppData\Local\Temp\jna-104759101\jna10775820920709082222.dll
0x00007ffdba6a0000 - 0x00007ffdba6bd000 	C:\WINDOWS\SYSTEM32\dhcpcsvc6.DLL
0x00007ffdba490000 - 0x00007ffdba4b5000 	C:\WINDOWS\SYSTEM32\dhcpcsvc.DLL
0x00007ffd95a70000 - 0x00007ffd95a7e000 	C:\Users\nghiw\.vscode\extensions\redhat.java-1.54.0-win32-x64\jre\21.0.10-win32-x86_64\bin\sunmscapi.dll
0x00007ffdc1a60000 - 0x00007ffdc1bd7000 	C:\WINDOWS\System32\CRYPT32.dll
0x00007ffdc1130000 - 0x00007ffdc1160000 	C:\WINDOWS\SYSTEM32\ncrypt.dll
0x00007ffdc10e0000 - 0x00007ffdc111f000 	C:\WINDOWS\SYSTEM32\NTASN1.dll
0x00007ffdc0160000 - 0x00007ffdc0292000 	C:\WINDOWS\SYSTEM32\DNSAPI.dll
0x00007ffdba690000 - 0x00007ffdba69b000 	C:\Windows\System32\rasadhlp.dll
0x00007ffdb28f0000 - 0x00007ffdb2976000 	C:\WINDOWS\System32\fwpuclnt.dll
0x00007ffda9080000 - 0x00007ffda9089000 	C:\Users\nghiw\.vscode\extensions\redhat.java-1.54.0-win32-x64\jre\21.0.10-win32-x86_64\bin\extnet.dll
0x00007ffd50210000 - 0x00007ffd50237000 	C:\Users\nghiw\.gradle\native\1def1411415f61bf3af743bc5b6707747c0891f09f0c88961ee8f79bc544acac\windows-amd64\native-platform.dll
0x00007ffdbc800000 - 0x00007ffdbc808000 	C:\WINDOWS\system32\wshunix.dll
0x00007ffd85660000 - 0x00007ffd85687000 	C:\Users\nghiw\.gradle\native\c067742578af261105cb4f569cf0c3c89f3d7b1fecec35dd04571415982c5e48\windows-amd64\native-platform.dll
0x00007ffd6f130000 - 0x00007ffd6f157000 	C:\Users\nghiw\.gradle\native\68d5fa5c4cc2d200863cafc0d521ce42e7d3e7ee720ec0a83991735586a16f82\windows-amd64\native-platform.dll

JVMTI agents:
c:\Users\nghiw\.vscode\extensions\redhat.java-1.54.0-win32-x64\lombok\lombok-1.18.39-4050.jar path:c:\Users\nghiw\.vscode\extensions\redhat.java-1.54.0-win32-x64\jre\21.0.10-win32-x86_64\bin\instrument.dll, loaded, initialized, instrumentlib options:none

dbghelp: loaded successfully - version: 4.0.5 - missing functions: none
symbol engine: initialized successfully - sym options: 0x614 - pdb path: .;c:\Users\nghiw\.vscode\extensions\redhat.java-1.54.0-win32-x64\jre\21.0.10-win32-x86_64\bin;C:\WINDOWS\SYSTEM32;C:\WINDOWS\WinSxS\amd64_microsoft.windows.common-controls_6595b64144ccf1df_6.0.26100.8115_none_3e075c82e3354f9c;c:\Users\nghiw\.vscode\extensions\redhat.java-1.54.0-win32-x64\jre\21.0.10-win32-x86_64\bin\server;C:\Users\nghiw\AppData\Roaming\Code\User\globalStorage\redhat.java\1.54.0\config_win\org.eclipse.equinox.launcher\org.eclipse.equinox.launcher.win32.win32.x86_64_1.3.0.v20260203-2149;C:\Users\nghiw\AppData\Local\Temp\jna-104759101;C:\Users\nghiw\.gradle\native\1def1411415f61bf3af743bc5b6707747c0891f09f0c88961ee8f79bc544acac\windows-amd64;C:\Users\nghiw\.gradle\native\c067742578af261105cb4f569cf0c3c89f3d7b1fecec35dd04571415982c5e48\windows-amd64;C:\Users\nghiw\.gradle\native\68d5fa5c4cc2d200863cafc0d521ce42e7d3e7ee720ec0a83991735586a16f82\windows-amd64

VM Arguments:
jvm_args: --add-modules=ALL-SYSTEM --add-opens=java.base/java.util=ALL-UNNAMED --add-opens=java.base/java.lang=ALL-UNNAMED --add-opens=java.base/sun.nio.fs=ALL-UNNAMED -Declipse.application=org.eclipse.jdt.ls.core.id1 -Dosgi.bundles.defaultStartLevel=4 -Declipse.product=org.eclipse.jdt.ls.core.product -Djava.import.generatesMetadataFilesAtProjectRoot=false -DDetectVMInstallationsJob.disabled=true -Dfile.encoding=utf8 -XX:+UseParallelGC -XX:GCTimeRatio=4 -XX:AdaptiveSizePolicyWeight=90 -Dsun.zip.disableMemoryMapping=true -Xmx2G -Xms100m -Xlog:disable -javaagent:c:\Users\nghiw\.vscode\extensions\redhat.java-1.54.0-win32-x64\lombok\lombok-1.18.39-4050.jar -XX:+HeapDumpOnOutOfMemoryError -XX:HeapDumpPath=c:\Users\nghiw\AppData\Roaming\Code\User\workspaceStorage\1a878d41b9a569cdcd964698dba45b3a\redhat.java -Daether.dependencyCollector.impl=bf 
java_command: c:\Users\nghiw\.vscode\extensions\redhat.java-1.54.0-win32-x64\server\plugins\org.eclipse.equinox.launcher_1.7.100.v20251111-0406.jar -configuration c:\Users\nghiw\AppData\Roaming\Code\User\globalStorage\redhat.java\1.54.0\config_win -data c:\Users\nghiw\AppData\Roaming\Code\User\workspaceStorage\1a878d41b9a569cdcd964698dba45b3a\redhat.java\jdt_ws --pipe=\\.\pipe\lsp-0a0342b82bae0b03426712b11f5baf36-sock
java_class_path (initial): c:\Users\nghiw\.vscode\extensions\redhat.java-1.54.0-win32-x64\server\plugins\org.eclipse.equinox.launcher_1.7.100.v20251111-0406.jar
Launcher Type: SUN_STANDARD

[Global flags]
    uintx AdaptiveSizePolicyWeight                 = 90                                        {product} {command line}
     intx CICompilerCount                          = 4                                         {product} {ergonomic}
    uintx GCTimeRatio                              = 4                                         {product} {command line}
     bool HeapDumpOnOutOfMemoryError               = true                                   {manageable} {command line}
    ccstr HeapDumpPath                             = c:\Users\nghiw\AppData\Roaming\Code\User\workspaceStorage\1a878d41b9a569cdcd964698dba45b3a\redhat.java         {manageable} {command line}
   size_t InitialHeapSize                          = 104857600                                 {product} {command line}
   size_t MaxHeapSize                              = 2147483648                                {product} {command line}
   size_t MaxNewSize                               = 715653120                                 {product} {ergonomic}
   size_t MinHeapDeltaBytes                        = 524288                                    {product} {ergonomic}
   size_t MinHeapSize                              = 104857600                                 {product} {command line}
   size_t NewSize                                  = 34603008                                  {product} {ergonomic}
    uintx NonNMethodCodeHeapSize                   = 5839372                                {pd product} {ergonomic}
    uintx NonProfiledCodeHeapSize                  = 122909434                              {pd product} {ergonomic}
   size_t OldSize                                  = 70254592                                  {product} {ergonomic}
    uintx ProfiledCodeHeapSize                     = 122909434                              {pd product} {ergonomic}
    uintx ReservedCodeCacheSize                    = 251658240                              {pd product} {ergonomic}
     bool SegmentedCodeCache                       = true                                      {product} {ergonomic}
   size_t SoftMaxHeapSize                          = 2147483648                             {manageable} {ergonomic}
     bool UseCompressedOops                        = true                           {product lp64_product} {ergonomic}
     bool UseLargePagesIndividualAllocation        = false                                  {pd product} {ergonomic}
     bool UseParallelGC                            = true                                      {product} {command line}

Logging:
Log output configuration:
 #0: stdout all=off uptime,level,tags foldmultilines=false
 #1: stderr all=off uptime,level,tags foldmultilines=false

Release file:
JAVA_VERSION="21.0.10" 
MODULES="java.base java.compiler java.datatransfer java.xml java.prefs java.desktop java.instrument java.logging java.management java.security.sasl java.naming java.rmi java.management.rmi java.net.http java.scripting java.security.jgss java.transaction.xa java.sql java.sql.rowset java.xml.crypto java.se java.smartcardio jdk.accessibility jdk.internal.jvmstat jdk.attach jdk.charsets jdk.internal.opt jdk.zipfs jdk.compiler jdk.crypto.ec jdk.crypto.cryptoki jdk.crypto.mscapi jdk.dynalink jdk.internal.ed jdk.editpad jdk.hotspot.agent jdk.httpserver jdk.internal.le jdk.internal.vm.ci jdk.internal.vm.compiler jdk.internal.vm.compiler.management jdk.jartool jdk.javadoc jdk.jcmd jdk.management jdk.management.agent jdk.jconsole jdk.jdeps jdk.jdwp.agent jdk.jdi jdk.jfr jdk.jshell jdk.jsobject jdk.jstatd jdk.localedata jdk.management.jfr jdk.naming.dns jdk.naming.rmi jdk.net jdk.nio.mapmode jdk.random jdk.sctp jdk.security.auth jdk.security.jgss jdk.unsupported jdk.unsupported.desktop jdk.xml.dom" 

Environment Variables:
JAVA_HOME=C:\Program Files\Eclipse Adoptium\jdk-21.0.7.6-hotspot\
PATH=C:\Users\nghiw\AppData\Local\Programs\Microsoft VS Code;C:\Program Files\Eclipse Adoptium\jdk-21.0.7.6-hotspot\bin;C:\WINDOWS\system32;C:\WINDOWS;C:\WINDOWS\System32\Wbem;C:\WINDOWS\System32\WindowsPowerShell\v1.0\;C:\WINDOWS\System32\OpenSSH\;C:\Program Files\nodejs\;C:\Program Files\Git\cmd;C:\Program Files (x86)\Microsoft SQL Server\160\Tools\Binn\;C:\Program Files\Microsoft SQL Server\160\Tools\Binn\;C:\Program Files\Microsoft SQL Server\Client SDK\ODBC\170\Tools\Binn\;C:\Program Files\Microsoft SQL Server\160\DTS\Binn\;C:\Program Files\Tailscale\;C:\Program Files\Docker\Docker\resources\bin;C:\Users\nghiw\AppData\Local\Android\Sdk\platform-tools;C:\Users\nghiw\AppData\Local\Android\Sdk\emulator;C:\Users\nghiw\AppData\Local\Android\Sdk\tools;C:\Users\nghiw\AppData\Local\Android\Sdk\tools\bin;C:\Program Files\dotnet\;C:\xampp\php;C:\ProgramData\ComposerSetup\bin;C:\Users\nghiw\AppData\Local\Programs\Python\Launcher\;C:\Users\nghiw\AppData\Local\Microsoft\WindowsApps;C:\Users\nghiw\AppData\Local\Programs\Microsoft VS Code\bin;C:\Program Files\JetBrains\IntelliJ IDEA 2024.3\bin;;C:\Users\nghiw\AppData\Roaming\npm;C:\Users\nghiw\AppData\Local\GitHubDesktop\bin;C:\Users\nghiw\.dotnet\tools;C:\Users\nghiw\AppData\Local\Pandoc\;C:\Users\nghiw\AppData\Roaming\Composer\vendor\bin
USERNAME=nghiw
OS=Windows_NT
PROCESSOR_IDENTIFIER=Intel64 Family 6 Model 141 Stepping 1, GenuineIntel
TMP=C:\Users\nghiw\AppData\Local\Temp
TEMP=C:\Users\nghiw\AppData\Local\Temp




Periodic native trim disabled

---------------  S Y S T E M  ---------------

OS:
 Windows 11 , 64 bit Build 26100 (10.0.26100.8246)
OS uptime: 0 days 20:56 hours
Hyper-V role detected

CPU: total 12 (initial active 12) (6 cores per cpu, 2 threads per core) family 6 model 141 stepping 1 microcode 0x34, cx8, cmov, fxsr, ht, mmx, 3dnowpref, sse, sse2, sse3, ssse3, sse4.1, sse4.2, popcnt, lzcnt, tsc, tscinvbit, avx, avx2, aes, erms, clmul, bmi1, bmi2, adx, avx512f, avx512dq, avx512cd, avx512bw, avx512vl, sha, fma, vzeroupper, avx512_vpopcntdq, avx512_vpclmulqdq, avx512_vaes, avx512_vnni, clflush, clflushopt, clwb, avx512_vbmi2, avx512_vbmi, hv, rdtscp, rdpid, fsrm, gfni, avx512_bitalg, f16c, cet_ibt, cet_ss, avx512_ifma
Processor Information for the first 12 processors :
  Max Mhz: 2688, Current Mhz: 2688, Mhz Limit: 2688

Memory: 4k page, system-wide physical 16085M (1411M free)
TotalPageFile size 59470M (AvailPageFile size 85M)
current process WorkingSet (physical memory assigned to process): 79M, peak: 1879M
current process commit charge ("private bytes"): 1375M, peak: 1789M

vm_info: OpenJDK 64-Bit Server VM (21.0.10+7-LTS) for windows-amd64 JRE (21.0.10+7-LTS), built on 2026-01-20T00:00:00Z by "admin" with MS VC++ 17.12 (VS2022)

END.
